Started at Thu Nov 24 08:14:37 UTC 2022
Checking Build_151122_assign
Checking Cproject
Checking Deploy_151122_assign
Checking Deploy_181122_Java
Checking frustrated_free_params
Checking frustrated_param1
Checking frustrated_pipe
Checking frustrated_pipe1
Checking frustrated_pipe2
Checking frustrated_pipe3
Checking frustrated_pipe4
Checking frustrated_pipe5
Checking frustrated_pipe6
Checking frustrated_pipe7
Checking frustrated_pipe8
Checking java_test
Checking params
Checking pipeline1
Checking pipelinejob
Checking Practise_Java_181122
Checking Private_repo_181122
Checking projectjava
Checking Test_151122_assign
Checking TRY GLOBAL
Checking upstream
Checking upstream2
Checking upstream3
Checking upstream4
Checking viva_install_package_pipeline
Finished at Thu Nov 24 08:14:37 UTC 2022. 17ms
